<?xml version="1.0" encoding="UTF-8"?>
<!-- Generated by org.testng.reporters.JUnitReportReporter -->
<testsuite skipped="0" hostname="sipunjay-dell" name="com.cucumber.Runner.CucumberRunner" tests="1" failures="0" timestamp="21 Jun 2020 06:04:39 GMT" time="54.280" errors="0">
  <testcase name="feature" time="54.280" classname="com.cucumber.Runner.CucumberRunner"/>
</testsuite> <!-- com.cucumber.Runner.CucumberRunner -->
